g++: error: eratosthenes.cpp: No such file or directory
g++: fatal error: no input files
compilation terminated.
Number of primes 664579

Processors Used = 8
Threads Used = 8
Number of primes 664579

Processors Used = 6
Threads Used = 6
Number of primes 664579

Processors Used = 1
Threads Used = 1
Number of primes 664579

Processors Used = 1
Threads Used = 1
Number of primes 664579

Processors Used = 6
Threads Used = 6
Number of primes 664579

Processors Used = 8
Threads Used = 8
Number of primes 664579

Processors Used = 6
Threads Used = 6
Number of primes 664579

Processors Used = 6
Threads Used = 6
Number of primes 664579

Processors Used = 6
Threads Used = 6
Number of primes 664579

Processors Used = 4
Threads Used = 4
Number of primes 664579

Processors Used = 4
Threads Used = 4
Number of primes 664579

Processors Used = 4
Threads Used = 4
Number of primes 664579

Processors Used = 4
Threads Used = 4
Number of primes 664579

Processors Used = 4
Threads Used = 4
Number of primes 664579

Processors Used = 4
Threads Used = 4
Number of primes 664579

Processors Used = 6
Threads Used = 6
Number of primes 664579

Processors Used = 4
Threads Used = 4
Number of primes 664579

Processors Used = 4
Threads Used = 4
Number of primes 664579

Processors Used = 6
Threads Used = 6
Number of primes 664579

Processors Used = 6
Threads Used = 6
Number of primes 664579

Processors Used = 4
Threads Used = 4
Number of primes 664579

Processors Used = 6
Threads Used = 6
Number of primes 664579

Processors Used = 6
Threads Used = 6
Number of primes 664579

Processors Used = 6
Threads Used = 6
Number of primes 664579

Processors Used = 6
Threads Used = 6
Number of primes 664579

Processors Used = 6
Threads Used = 6
Number of primes 664579

Processors Used = 6
Threads Used = 6
Number of primes 664579

Processors Used = 2
Threads Used = 2
Number of primes 664579

Processors Used = 4
Threads Used = 4
Number of primes 664579

Processors Used = 2
Threads Used = 2
Number of primes 664579

Processors Used = 2
Threads Used = 2
Number of primes 664579

Processors Used = 6
Threads Used = 6
Number of primes 664579

Processors Used = 6
Threads Used = 6
Number of primes 664579

Processors Used = 2
Threads Used = 2
Number of primes 664579

Processors Used = 4
Threads Used = 4
Number of primes 664579

Processors Used = 6
Threads Used = 6
Number of primes 664579

Processors Used = 6
Threads Used = 6
Number of primes 664579

Processors Used = 6
Threads Used = 6
Number of primes 664579

Processors Used = 2
Threads Used = 2
Number of primes 664579

Processors Used = 6
Threads Used = 6
Number of primes 664579

Processors Used = 4
Threads Used = 4
Number of primes 664579

Processors Used = 4
Threads Used = 4
Number of primes 664579

Processors Used = 2
Threads Used = 2
Number of primes 664579

Processors Used = 6
Threads Used = 6
Number of primes 664579

Processors Used = 6
Threads Used = 6
Number of primes 664579

Processors Used = 6
Threads Used = 6
Number of primes 664579

Processors Used = 4
Threads Used = 4
Number of primes 664579

Processors Used = 6
Threads Used = 6
Number of primes 664579

Processors Used = 6
Threads Used = 6
Number of primes 664579

Processors Used = 4
Threads Used = 4
Number of primes 664579

Processors Used = 4
Threads Used = 4
Number of primes 664579

Processors Used = 6
Threads Used = 6
Number of primes 664579

Processors Used = 4
Threads Used = 4
Number of primes 664579

Processors Used = 6
Threads Used = 6
Number of primes 664579

Processors Used = 4
Threads Used = 4
Number of primes 664579

Processors Used = 4
Threads Used = 4
Number of primes 664579

Processors Used = 6
Threads Used = 6
Number of primes 664579

Processors Used = 6
Threads Used = 6
Number of primes 664579

Processors Used = 6
Threads Used = 6
Number of primes 664579

Processors Used = 4
Threads Used = 4
Number of primes 664579

Processors Used = 4
Threads Used = 4
Number of primes 664579

Processors Used = 4
Threads Used = 4
Number of primes 664579

Processors Used = 4
Threads Used = 4
Number of primes 664579

Processors Used = 4
Threads Used = 4
