Number of primes 664579

Duration in milliseconds 690
Duration in seconds 0

Processors Used = 6
Threads Used = 6
Number of primes 664579

Duration in milliseconds 717
Duration in seconds 0

Processors Used = 6
Threads Used = 6
Number of primes 664579

Duration in milliseconds 718
Duration in seconds 0

Processors Used = 6
Threads Used = 6
Number of primes 664579

Duration in milliseconds 755
Duration in seconds 0

Processors Used = 4
Threads Used = 4
Number of primes 664579

Duration in milliseconds 794
Duration in seconds 0

Processors Used = 4
Threads Used = 4
Number of primes 664579

Duration in milliseconds 804
Duration in seconds 0

Processors Used = 6
Threads Used = 6
Number of primes 664579

Duration in milliseconds 809
Duration in seconds 0

Processors Used = 6
Threads Used = 6
Number of primes 664579

Duration in milliseconds 793
Duration in seconds 0

Processors Used = 6
Threads Used = 6
Number of primes 664579

Duration in milliseconds 839
Duration in seconds 0

Processors Used = 6
Threads Used = 6
Number of primes 664579

Duration in milliseconds 838
Duration in seconds 0

Processors Used = 6
Threads Used = 6
Number of primes 664579

Duration in milliseconds 849
Duration in seconds 0

Processors Used = 4
Threads Used = 4
Number of primes 664579

Duration in milliseconds 855
Duration in seconds 0

Processors Used = 4
Threads Used = 4
Number of primes 664579

Duration in milliseconds 874
Duration in seconds 0

Processors Used = 4
Threads Used = 4
Number of primes 664579

Duration in milliseconds 910
Duration in seconds 0

Processors Used = 4
Threads Used = 4
Number of primes 664579

Duration in milliseconds 908
Duration in seconds 0

Processors Used = 4
Threads Used = 4
Number of primes 664579

Duration in milliseconds 915
Duration in seconds 0

Processors Used = 4
Threads Used = 4
Number of primes 664579

Duration in milliseconds 924
Duration in seconds 0

Processors Used = 4
Threads Used = 4
Number of primes 664579

Duration in milliseconds 844
Duration in seconds 0

Processors Used = 6
Threads Used = 6
Number of primes 664579

Duration in milliseconds 931
Duration in seconds 0

Processors Used = 6
Threads Used = 6
Number of primes 664579

Duration in milliseconds 927
Duration in seconds 0

Processors Used = 6
Threads Used = 6
Number of primes 664579

Duration in milliseconds 936
Duration in seconds 0

Processors Used = 4
Threads Used = 4
Number of primes 664579

Duration in milliseconds 884
Duration in seconds 0

Processors Used = 4
Threads Used = 4
Number of primes 664579

Duration in milliseconds 932
Duration in seconds 0

Processors Used = 4
Threads Used = 4
Number of primes 664579

Duration in milliseconds 972
Duration in seconds 0

Processors Used = 4
Threads Used = 4
Number of primes 664579

Duration in milliseconds 903
Duration in seconds 0

Processors Used = 4
Threads Used = 4
Number of primes 664579

Duration in milliseconds 971
Duration in seconds 0

Processors Used = 6
Threads Used = 6
Number of primes 664579

Duration in milliseconds 972
Duration in seconds 0

Processors Used = 6
Threads Used = 6
Number of primes 664579

Duration in milliseconds 1003
Duration in seconds 1

Processors Used = 6
Threads Used = 6
Number of primes 664579

Duration in milliseconds 981
Duration in seconds 0

Processors Used = 6
Threads Used = 6
Number of primes 664579

Duration in milliseconds 992
Duration in seconds 0

Processors Used = 4
Threads Used = 4
Number of primes 664579

Duration in milliseconds 1005
Duration in seconds 1

Processors Used = 6
Threads Used = 6
Number of primes 664579

Duration in milliseconds 1017
Duration in seconds 1

Processors Used = 6
Threads Used = 6
Number of primes 664579

Duration in milliseconds 1053
Duration in seconds 1

Processors Used = 6
Threads Used = 6
Number of primes 664579

Duration in milliseconds 909
Duration in seconds 0

Processors Used = 4
Threads Used = 4
Number of primes 664579

Duration in milliseconds 1014
Duration in seconds 1

Processors Used = 6
Threads Used = 6
Number of primes 664579

Duration in milliseconds 960
Duration in seconds 0

Processors Used = 6
Threads Used = 6
Number of primes 664579

Duration in milliseconds 1032
Duration in seconds 1

Processors Used = 4
Threads Used = 4
Number of primes 664579

Duration in milliseconds 1055
Duration in seconds 1

Processors Used = 6
Threads Used = 6
Number of primes 664579

Duration in milliseconds 1033
Duration in seconds 1

Processors Used = 4
Threads Used = 4
Number of primes 664579

Duration in milliseconds 994
Duration in seconds 0

Processors Used = 6
Threads Used = 6
Number of primes 664579

Duration in milliseconds 1087
Duration in seconds 1

Processors Used = 6
Threads Used = 6
Number of primes 664579

Duration in milliseconds 923
Duration in seconds 0

Processors Used = 6
Threads Used = 6
Number of primes 664579

Duration in milliseconds 971
Duration in seconds 0

Processors Used = 4
Threads Used = 4
Number of primes 664579

Duration in milliseconds 1040
Duration in seconds 1

Processors Used = 4
Threads Used = 4
Number of primes 664579

Duration in milliseconds 1041
Duration in seconds 1

Processors Used = 6
Threads Used = 6
Number of primes 664579

Duration in milliseconds 1096
Duration in seconds 1

Processors Used = 6
Threads Used = 6
Number of primes 664579

Duration in milliseconds 1024
Duration in seconds 1

Processors Used = 6
Threads Used = 6
Number of primes 664579

Duration in milliseconds 1110
Duration in seconds 1

Processors Used = 6
Threads Used = 6
Number of primes 664579

Duration in milliseconds 1120
Duration in seconds 1

Processors Used = 6
Threads Used = 6
Number of primes 664579

Duration in milliseconds 1136
Duration in seconds 1

Processors Used = 6
Threads Used = 6
Number of primes 664579

Duration in milliseconds 1022
Duration in seconds 1

Processors Used = 6
Threads Used = 6
Number of primes 664579

Duration in milliseconds 988
Duration in seconds 0

Processors Used = 6
Threads Used = 6
Number of primes 664579

Duration in milliseconds 1069
Duration in seconds 1

Processors Used = 6
Threads Used = 6
Number of primes 664579

Duration in milliseconds 1164
Duration in seconds 1

Processors Used = 6
Threads Used = 6
Number of primes 664579

Duration in milliseconds 909
Duration in seconds 0

Processors Used = 6
Threads Used = 6
Number of primes 664579

Duration in milliseconds 955
Duration in seconds 0

Processors Used = 6
Threads Used = 6
Number of primes 664579

Duration in milliseconds 934
Duration in seconds 0

Processors Used = 6
Threads Used = 6
Number of primes 664579

Duration in milliseconds 986
Duration in seconds 0

Processors Used = 6
Threads Used = 6
Number of primes 664579

Duration in milliseconds 949
Duration in seconds 0

Processors Used = 6
Threads Used = 6
Number of primes 664579

Duration in milliseconds 1020
Duration in seconds 1

Processors Used = 6
Threads Used = 6
Number of primes 664579

Duration in milliseconds 1363
Duration in seconds 1

Processors Used = 2
Threads Used = 2
Number of primes 664579

Duration in milliseconds 1448
Duration in seconds 1

Processors Used = 2
Threads Used = 2
Number of primes 664579

Duration in milliseconds 1478
Duration in seconds 1

Processors Used = 2
Threads Used = 2
Number of primes 664579

Duration in milliseconds 1428
Duration in seconds 1

Processors Used = 2
Threads Used = 2
